<?xml version="1.0" encoding="UTF-8"?>
<!-- Generated by org.testng.reporters.JUnitXMLReporter -->
<testsuite ignored="1" hostname="LAPTOP-VHN20HQL" failures="1" tests="2" name="TestOnMsEdge" time="21.019" errors="0" timestamp="2025-01-08T13:45:39 IST">
  <testcase classname="com.MyStore.Test_Cases.TC_MyAccount_Page_TestCase_DataDriven_Testing" name="verifyRegisterUserLoginOrNot" time="4.735"/>
  <testcase classname="com.MyStore.Test_Cases.TC_MyAccount_Page_TestCase_DataDriven_Testing" name="verifyRegisterUserLoginOrNot" time="2.81">
    <failure type="java.lang.AssertionError" message="expected [true] but found [false]">
      <![CDATA[java.lang.AssertionError: expected [true] but found [false]
at com.MyStore.Test_Cases.TC_MyAccount_Page_TestCase_DataDriven_Testing.verifyRegisterUserLoginOrNot(TC_MyAccount_Page_TestCase_DataDriven_Testing.java:89)
at java.base/java.util.ArrayList.forEach(ArrayList.java:1511)
... Removed 31 stack frames]]>
    </failure>
  </testcase> <!-- verifyRegisterUserLoginOrNot -->
  <testcase classname="com.MyStore.Test_Cases.TC_MyAccount_Page_TestCase_DataDriven_Testing" name="verifyRegistrationAndLogin" time="0.0">
    <ignored/>
  </testcase> <!-- verifyRegistrationAndLogin -->
</testsuite> <!-- TestOnMsEdge -->
